<?xml version="1.0" encoding="utf-8" standalone="no"?>
<!--This file represents the results of running a test suite-->
<test-results name="E:\Kuliah\Semester 3\pemrograman\Module Praktikum 05\02 tugas\TugasLibraryUnitTest\bin\Debug\TugasLibraryUnitTest.dll" total="2" errors="0" failures="0" not-run="0" inconclusive="0" ignored="0" skipped="0" invalid="0" date="2021-10-28" time="14:16:53">
  <environment nunit-version="2.6.4.14350" clr-version="2.0.50727.9151" os-version="Microsoft Windows NT 6.2.9200.0" platform="Win32NT" cwd="C:\tools-testing" machine-name="LAPTOP-2NBMM0LE" user="user" user-domain="LAPTOP-2NBMM0LE" />
  <culture-info current-culture="en-US" current-uiculture="en-US" />
  <test-suite type="Assembly" name="E:\Kuliah\Semester 3\pemrograman\Module Praktikum 05\02 tugas\TugasLibraryUnitTest\bin\Debug\TugasLibraryUnitTest.dll" executed="True" result="Success" success="True" time="0.256" asserts="0">
    <results>
      <test-suite type="Namespace" name="TugasLibraryUnitTest" executed="True" result="Success" success="True" time="0.245" asserts="0">
        <results>
          <test-suite type="TestFixture" name="TugasTest" executed="True" result="Success" success="True" time="0.222" asserts="0">
            <results>
              <test-case name="TugasLibraryUnitTest.TugasTest.Daytest" executed="True" result="Success" success="True" time="0.115" asserts="1" />
              <test-case name="TugasLibraryUnitTest.TugasTest.Usertest" executed="True" result="Success" success="True" time="0.004" asserts="1" />
            </results>
          </test-suite>
        </results>
      </test-suite>
    </results>
  </test-suite>
</test-results>